<?xml version="1.0" encoding="UTF-8"?>
<testsuite name="LettersTests" tests="1" skipped="0" failures="0" errors="0" timestamp="2023-09-25T16:37:42" hostname="MacBook-Air-de-Amai-2.local" time="0.003">
  <properties/>
  <testcase name="testSolution" classname="LettersTests" time="0.003"/>
  <system-out><![CDATA[]]></system-out>
  <system-err><![CDATA[]]></system-err>
</testsuite>
