<?xml version="1.0" encoding="UTF-8"?>
<testsuite name="WordCutterTests" tests="1" skipped="0" failures="0" errors="0" timestamp="2023-09-26T09:58:40" hostname="MacBook-Air-de-Amai-2.local" time="0.003">
  <properties/>
  <testcase name="testSolution" classname="WordCutterTests" time="0.003"/>
  <system-out><![CDATA[]]></system-out>
  <system-err><![CDATA[]]></system-err>
</testsuite>
